[INFO] Scanning for projects...
[INFO] 
[INFO] -------------< com.financetracker:finance-tracker-backend >-------------
[INFO] Building Finance Tracker Backend 1.0.0
[INFO]   from pom.xml
[INFO] --------------------------------[ jar ]---------------------------------
[INFO] 
[INFO] --- clean:3.3.2:clean (default-clean) @ finance-tracker-backend ---
[INFO] Deleting C:\Users\pruthviraj\OneDrive\Desktop\jdk\Finance_Tracker\finance-tracker\backend\target
[INFO] 
[INFO] --- resources:3.3.1:resources (default-resources) @ finance-tracker-backend ---
[INFO] Copying 1 resource from src\main\resources to target\classes
[INFO] Copying 1 resource from src\main\resources to target\classes
[INFO] 
[INFO] --- compiler:3.11.0:compile (default-compile) @ finance-tracker-backend ---
[INFO] Changes detected - recompiling the module! :source
[INFO] Compiling 66 source files with javac [debug release 17] to target\classes
[INFO] /C:/Users/pruthviraj/OneDrive/Desktop/jdk/Finance_Tracker/finance-tracker/backend/src/main/java/com/financetracker/backend/config/RateLimitFilter.java: C:\Users\pruthviraj\OneDrive\Desktop\jdk\Finance_Tracker\finance-tracker\backend\src\main\java\com\financetracker\backend\config\RateLimitFilter.java uses or overrides a deprecated API.
[INFO] /C:/Users/pruthviraj/OneDrive/Desktop/jdk/Finance_Tracker/finance-tracker/backend/src/main/java/com/financetracker/backend/config/RateLimitFilter.java: Recompile with -Xlint:deprecation for details.
[INFO] ------------------------------------------------------------------------
[INFO] BUILD SUCCESS
[INFO] ------------------------------------------------------------------------
[INFO] Total time:  3.141 s
[INFO] Finished at: 2026-03-15T15:03:28+05:30
[INFO] ------------------------------------------------------------------------
